{
  "RSpec": {
    "coverage": {
      "/home/astute-channel-6231/tic-tac-toe-rb-ruby-intro-000/lib/tic_tac_toe.rb": [
        null,
        1,
        null,
        null,
        null,
        null,
        null,
        null,
        null,
        null,
        null,
        1,
        5,
        5,
        5,
        5,
        5,
        null,
        null,
        1,
        3,
        null,
        null,
        1,
        1,
        null,
        null,
        1,
        0,
        null,
        null,
        1,
        0,
        null,
        null,
        1,
        9,
        9,
        9,
        0,
        null,
        0,
        null,
        0,
        null,
        null,
        1,
        9,
        9,
        81,
        5,
        null,
        null,
        9,
        null,
        null,
        1,
        8,
        null,
        null,
        1,
        null,
        33,
        175,
        175,
        175,
        null,
        175,
        175,
        175,
        null,
        175,
        14,
        161,
        5,
        null,
        156,
        null,
        null,
        null,
        null,
        1,
        70,
        4,
        null,
        6,
        null,
        null,
        null,
        1,
        15,
        5,
        null,
        10,
        null,
        null,
        null,
        1,
        11,
        7,
        null,
        4,
        null,
        null,
        null,
        1,
        6,
        5,
        null,
        null,
        null,
        1,
        12,
        7,
        7,
        null,
        5,
        3,
        null,
        2,
        null,
        null
      ]
    },
    "timestamp": 1592519527
  }
}
